<?xml version="1.0" encoding="UTF-8"?>
<!-- Generated by org.testng.reporters.JUnitReportReporter -->
<testsuite hostname="PatrykPC" failures="0" tests="1" name="tests.PositiveLoginTest" time="3.089" errors="0" timestamp="2023-03-03T14:48:11 CET" skipped="0">
  <testcase classname="tests.PositiveLoginTest" name="asUserLoginUsingValidLoginAndPassword" time="3.089"/>
  <system-out/>
</testsuite> <!-- tests.PositiveLoginTest -->
