<?xml version="1.0" encoding="UTF-8"?>
<!-- Generated by org.testng.reporters.JUnitReportReporter -->
<testsuite hostname="PatrykPC" failures="0" tests="1" name="tests.FailedLoginTests" time="2.721" errors="0" timestamp="2023-03-03T14:48:11 CET" skipped="0">
  <testcase classname="tests.FailedLoginTests" name="asUserTryToLogInWithIncorrectLoginAndPassword" time="2.721"/>
  <system-out/>
</testsuite> <!-- tests.FailedLoginTests -->
